<?xml version="1.0" encoding="UTF-8"?>
<!-- Generated by org.testng.reporters.JUnitXMLReporter -->
<testsuite ignored="0" hostname="LAPTOP-FDM6KJ5H" failures="0" tests="3" name="Default test" time="15.221" errors="0" timestamp="2025-05-15T07:26:49 IST">
  <testcase classname="Curatests.test" name="data_driven_test" time="4.267"/>
  <testcase classname="Curatests.test" name="data_driven_test" time="1.163"/>
  <testcase classname="Curatests.test" name="data_driven_test" time="2.478"/>
</testsuite> <!-- Default test -->
