<?xml version="1.0" encoding="UTF-8"?>
<testng-results ignored="0" total="1" passed="1" failed="0" skipped="0">
  <reporter-output>
  </reporter-output>
  <suite started-at="2025-05-17T16:45:19 IST" name="Default suite" finished-at="2025-05-17T16:45:22 IST" duration-ms="3019">
    <groups>
    </groups>
    <test started-at="2025-05-17T16:45:19 IST" name="Default test" finished-at="2025-05-17T16:45:22 IST" duration-ms="3019">
      <class name="basicauth.BasicAuthTest">
        <test-method signature="f()[pri:0, instance:basicauth.BasicAuthTest@6bd61f98]" started-at="2025-05-17T16:45:19 IST" name="f" finished-at="2025-05-17T16:45:22 IST" duration-ms="2962" status="PASS">
          <reporter-output>
          </reporter-output>
        </test-method> <!-- f -->
      </class> <!-- basicauth.BasicAuthTest -->
    </test> <!-- Default test -->
  </suite> <!-- Default suite -->
</testng-results>
