<?xml version="1.0" encoding="UTF-8"?>
<testng-results ignored="0" total="1" passed="1" failed="0" skipped="0">
  <reporter-output>
  </reporter-output>
  <suite started-at="2025-05-10T09:12:24 IST" name="Default suite" finished-at="2025-05-10T09:12:43 IST" duration-ms="19260">
    <groups>
    </groups>
    <test started-at="2025-05-10T09:12:24 IST" name="Default test" finished-at="2025-05-10T09:12:43 IST" duration-ms="19260">
      <class name="Curatests.test">
        <test-method is-config="true" signature="beforeClass()[pri:0, instance:Curatests.test@15a902e7]" started-at="2025-05-10T09:12:24 IST" name="beforeClass" finished-at="2025-05-10T09:12:37 IST" duration-ms="12856" status="PASS">
          <reporter-output>
          </reporter-output>
        </test-method> <!-- beforeClass -->
        <test-method signature="f()[pri:0, instance:Curatests.test@15a902e7]" started-at="2025-05-10T09:12:37 IST" name="f" finished-at="2025-05-10T09:12:43 IST" duration-ms="6357" status="PASS">
          <reporter-output>
          </reporter-output>
        </test-method> <!-- f -->
        <test-method is-config="true" signature="afterClass()[pri:0, instance:Curatests.test@15a902e7]" started-at="2025-05-10T09:12:43 IST" name="afterClass" finished-at="2025-05-10T09:12:43 IST" duration-ms="0" status="PASS">
          <reporter-output>
          </reporter-output>
        </test-method> <!-- afterClass -->
      </class> <!-- Curatests.test -->
    </test> <!-- Default test -->
  </suite> <!-- Default suite -->
</testng-results>
