<?xml version="1.0" encoding="UTF-8"?>
<testng-results ignored="0" total="3" passed="3" failed="0" skipped="0">
  <reporter-output>
  </reporter-output>
  <suite started-at="2025-05-15T07:26:34 IST" name="Default suite" finished-at="2025-05-15T07:26:49 IST" duration-ms="15221">
    <groups>
    </groups>
    <test started-at="2025-05-15T07:26:34 IST" name="Default test" finished-at="2025-05-15T07:26:49 IST" duration-ms="15221">
      <class name="Curatests.test">
        <test-method is-config="true" signature="beforeClass()[pri:0, instance:Curatests.test@2a2c13a8]" started-at="2025-05-15T07:26:34 IST" name="beforeClass" finished-at="2025-05-15T07:26:41 IST" duration-ms="7246" status="PASS">
          <reporter-output>
          </reporter-output>
        </test-method> <!-- beforeClass -->
        <test-method signature="data_driven_test(java.lang.String,java.lang.String)[pri:0, instance:Curatests.test@2a2c13a8]" started-at="2025-05-15T07:26:41 IST" name="data_driven_test" data-provider="dp" finished-at="2025-05-15T07:26:46 IST" duration-ms="4267" status="PASS">
          <params>
            <param index="0">
              <value>
                <![CDATA[John Doe]]>
              </value>
            </param>
            <param index="1">
              <value>
                <![CDATA[ThisIsNotAPassword]]>
              </value>
            </param>
          </params>
          <reporter-output>
          </reporter-output>
        </test-method> <!-- data_driven_test -->
        <test-method signature="data_driven_test(java.lang.String,java.lang.String)[pri:0, instance:Curatests.test@2a2c13a8]" started-at="2025-05-15T07:26:46 IST" name="data_driven_test" data-provider="dp" finished-at="2025-05-15T07:26:47 IST" duration-ms="1163" status="PASS">
          <params>
            <param index="0">
              <value>
                <![CDATA[Rakesh]]>
              </value>
            </param>
            <param index="1">
              <value>
                <![CDATA[bnbnhnhnh]]>
              </value>
            </param>
          </params>
          <reporter-output>
          </reporter-output>
        </test-method> <!-- data_driven_test -->
        <test-method signature="data_driven_test(java.lang.String,java.lang.String)[pri:0, instance:Curatests.test@2a2c13a8]" started-at="2025-05-15T07:26:47 IST" name="data_driven_test" data-provider="dp" finished-at="2025-05-15T07:26:49 IST" duration-ms="2478" status="PASS">
          <params>
            <param index="0">
              <value>
                <![CDATA[John Doe]]>
              </value>
            </param>
            <param index="1">
              <value>
                <![CDATA[ThisIsNotAPassword]]>
              </value>
            </param>
          </params>
          <reporter-output>
          </reporter-output>
        </test-method> <!-- data_driven_test -->
        <test-method is-config="true" signature="afterClass()[pri:0, instance:Curatests.test@2a2c13a8]" started-at="2025-05-15T07:26:49 IST" name="afterClass" finished-at="2025-05-15T07:26:49 IST" duration-ms="1" status="PASS">
          <reporter-output>
          </reporter-output>
        </test-method> <!-- afterClass -->
      </class> <!-- Curatests.test -->
    </test> <!-- Default test -->
  </suite> <!-- Default suite -->
</testng-results>
